<?xml version="1.0" encoding="UTF-8"?>
<testsuite xmlns:xsi="http://www.w3.org/2001/XMLSchema-instance" xsi:noNamespaceSchemaLocation="https://maven.apache.org/surefire/maven-surefire-plugin/xsd/surefire-test-report.xsd" name="com.project.test.runner.TestRunner" time="178.591" tests="1" errors="0" skipped="0" failures="0">
  <properties>
[...]
</properties>
  <testcase name="TC_02_Validate_TheGuardianNewsArticle_from_WashingtonPost" classname="Validate Fake Article feature" time="177.847"/>
</testsuite>